250306Thu181154-14831   >Top-Script: 0top_Single.tcl
250306Thu181154-14839   >
250306Thu181154-14840   >-----------------------------------------------
250306Thu181154-14841   >All tests in TC_0Init
250306Thu181154-14842   >-----------------------------------------------
250306Thu181154-14842   >
250306Thu181154-14842   >
250306Thu181154-14843   >-----------------------------------------------
250306Thu181154-14843   >Start file config_TestObject.tcl in directory TC_0Init
250306Thu181154-14844   >-----------------------------------------------
250306Thu181154-14844   >
250306Thu181154-14848   >
250306Thu181154-14849   >Running TC_0Init/config_TestObject.tcl: TC_0Init_ATSInit
250306Thu181154-14849   >{Thu 06.03.25 18:11}
250306Thu181154-14850   >
250306Thu181154-14852   >------------------------------------------------------------
250306Thu181154-14852   >TESTFILE: TC_0Init/config_TestObject.tcl
250306Thu181154-14853   >TESTCASE: TC_0Init_ATSInit
250306Thu181154-14853   >TESTDESC: TC_0Init_ATSInit
250306Thu181154-14854   >------------------------------------------------------------
250306Thu181154-14854   >================= Power off all devices =================
250306Thu181154-14856   >============== Power off device 1 ==============
250306Thu181154-14886   >========= set PhaseAllOnOff of DevNr 1 to L =========
250306Thu181154-14980   >========= MotorPhaseAllOnOff L =========
250306Thu181155-15043   >--- ModSetTimeout
250306Thu181155-15045   >originally Modbus readintervaltimeout: 80 ms
250306Thu181155-15046   >originally Modbus readtotaltimeout   : 2000 ms
250306Thu181155-15046   >originally Modbus writetotaltimeout  : 2000 ms
250306Thu181155-15047   >set new Modbus readintervaltimeout: 40 ms
250306Thu181155-15047   >set new Modbus readtotaltimeout   : 200 ms
250306Thu181155-15047   >set new Modbus writetotaltimeout  : 200 ms
250306Thu181155-15368   >Device is off after 216 ms
250306Thu181155-15369   >--- ModDefaultTimeout
250306Thu181155-15370   >restore Modbus readintervaltimeout: 80 ms
250306Thu181155-15371   >restore Modbus readtotaltimeout   : 2000 ms
250306Thu181155-15372   >restore Modbus writetotaltimeout  : 2000 ms
250306Thu181155-15478   >wait for 1000 ms
250306Thu181156-16486   >============== Power off device 2 ==============
250306Thu181156-16518   >========= set PhaseAllOnOff of DevNr 2 to L =========
250306Thu181156-16612   >========= MotorPhaseAllOnOff L =========
250306Thu181156-16674   >--- ModSetTimeout
250306Thu181156-16675   >originally Modbus readintervaltimeout: 80 ms
250306Thu181156-16676   >originally Modbus readtotaltimeout   : 2000 ms
250306Thu181156-16677   >originally Modbus writetotaltimeout  : 2000 ms
250306Thu181156-16677   >set new Modbus readintervaltimeout: 40 ms
250306Thu181156-16677   >set new Modbus readtotaltimeout   : 200 ms
250306Thu181156-16678   >set new Modbus writetotaltimeout  : 200 ms
250306Thu181156-16999   >Device is off after 215 ms
250306Thu181157-17001   >--- ModDefaultTimeout
250306Thu181157-17002   >restore Modbus readintervaltimeout: 80 ms
250306Thu181157-17002   >restore Modbus readtotaltimeout   : 2000 ms
250306Thu181157-17003   >restore Modbus writetotaltimeout  : 2000 ms
250306Thu181157-17109   >wait for 1000 ms
250306Thu181158-18125   >============== Power off device 3 ==============
250306Thu181158-18140   >========= set PhaseAllOnOff of DevNr 3 to L =========
250306Thu181158-18234   >========= MotorPhaseAllOnOff L =========
250306Thu181158-18296   >--- ModSetTimeout
250306Thu181158-18297   >originally Modbus readintervaltimeout: 80 ms
250306Thu181158-18298   >originally Modbus readtotaltimeout   : 2000 ms
250306Thu181158-18299   >originally Modbus writetotaltimeout  : 2000 ms
250306Thu181158-18299   >set new Modbus readintervaltimeout: 40 ms
250306Thu181158-18299   >set new Modbus readtotaltimeout   : 200 ms
250306Thu181158-18300   >set new Modbus writetotaltimeout  : 200 ms
250306Thu181158-18406 ==>[TC_0Init/config_TestObject.tcl,TC_0Init_ATSInit,3]ErrorInfo: can't read "DevType(3,Type)": no such element in array
    while executing
"switch -exact $DevType($ActDev,Type) {
	"Beidou" -
	"Fortis" -
	"MVK" -
	"Opal" -
	"Nera" {
	    set rc [catch { set retVal $theNERAParaNameRecord($Pa..."
    (procedure "Param_Index" line 11)
    invoked from within
"Param_Index $objString 0 $TTId"
    ("^[0-9A-Z_]+$" arm line 9)
    invoked from within
"switch -regexp $objString {
	^[0-9]+$ -
	^0x[0-9A-Fa-f]+$ { ;#Decimal or Hexadecimal Modbus address like 0x20DD
	    set mdbAdr     [format "%d" $objS..."
    (procedure "GetParaAttributes" line 5)
    invoked from within
"GetParaAttributes $objString $TTId"
    (procedure "ModTlRead" line 11)
    invoked from within
"ModTlRead "HMIS" 1"
    (procedure "doWaitForOff" line 9)
    invoked from within
"doWaitForOff 20"
    (procedure "DeviceOff" line 5)
    invoked from within
"DeviceOff $ActDev"
    (procedure "ATS_ClearBeforeNight" line 9)
    invoked from within
"ATS_ClearBeforeNight"
    (procedure "TC_0Init_ATSInit" line 4)
    invoked from within
"TC_0Init_ATSInit"
    ("eval" body line 1)
    invoked from within
"eval TC_0Init_ATSInit"
    invoked from within
"catch "eval $procedure" errMsg"  ErrorCode: NONE
250306Thu181158-18408   :      Call Stack frame:
250306Thu181158-18411   :      - Menu layer 1 Testcase: TC_0Init
250306Thu181158-18411   :      - TestDir TC_0Init
250306Thu181158-18412   :      - TestfileRun config_TestObject.tcl
250306Thu181158-18412   >Last used TestcaseID = TC_0Init_ATSInit
