250306Thu174951-91402 ==>[,,0]File C:/Unifast/data/TclToPython/ObjektDB/LXM_Load/objdefs.h not available!
250306Thu174951-91404 ==>[,,0]File <C:/Unifast/data/TclToPython/ObjektDB/LXM_Load/limitcheck.txt> not available !
250306Thu174951-91406 ==>[,,0]File C:/Unifast/data/TclToPython/ObjektDB/LXM_Load/0MAIN.txt not available!
250306Thu175041-41053 ==>[,,0]File C:/Unifast/data/TclToPython/ObjektDB/LXM_Load/objdefs.h not available!
250306Thu175041-41057 ==>[,,0]File <C:/Unifast/data/TclToPython/ObjektDB/LXM_Load/limitcheck.txt> not available !
250306Thu175041-41059 ==>[,,0]File C:/Unifast/data/TclToPython/ObjektDB/LXM_Load/0MAIN.txt not available!
250306Thu175109-69619 ==>[,,0]File C:/Unifast/data/TclToPython/ObjektDB/LXM_Load/objdefs.h not available!
250306Thu175109-69621 ==>[,,0]File <C:/Unifast/data/TclToPython/ObjektDB/LXM_Load/limitcheck.txt> not available !
250306Thu175109-69622 ==>[,,0]File C:/Unifast/data/TclToPython/ObjektDB/LXM_Load/0MAIN.txt not available!
250306Thu175212-32644 ==>[,,0]File C:/Unifast/data/TclToPython/ObjektDB/LXM_Load/objdefs.h not available!
250306Thu175212-32646 ==>[,,0]File <C:/Unifast/data/TclToPython/ObjektDB/LXM_Load/limitcheck.txt> not available !
250306Thu175212-32647 ==>[,,0]File C:/Unifast/data/TclToPython/ObjektDB/LXM_Load/0MAIN.txt not available!
250306Thu175804-84106 ==>[,,0]File C:/Unifast/data/TclToPython/ObjektDB/LXM_Load/objdefs.h not available!
250306Thu175804-84107 ==>[,,0]File <C:/Unifast/data/TclToPython/ObjektDB/LXM_Load/limitcheck.txt> not available !
250306Thu175804-84109 ==>[,,0]File C:/Unifast/data/TclToPython/ObjektDB/LXM_Load/0MAIN.txt not available!
250306Thu175910-50564 ==>[,,0]File C:/Unifast/data/TclToPython/ObjektDB/LXM_Load/objdefs.h not available!
250306Thu175910-50566 ==>[,,0]File <C:/Unifast/data/TclToPython/ObjektDB/LXM_Load/limitcheck.txt> not available !
250306Thu175910-50568 ==>[,,0]File C:/Unifast/data/TclToPython/ObjektDB/LXM_Load/0MAIN.txt not available!
250306Thu180753-73856 ==>[,,0]File C:/Unifast/data/TclToPython/ObjektDB/LXM_Load/objdefs.h not available!
250306Thu180753-73858 ==>[,,0]File <C:/Unifast/data/TclToPython/ObjektDB/LXM_Load/limitcheck.txt> not available !
250306Thu180753-73861 ==>[,,0]File C:/Unifast/data/TclToPython/ObjektDB/LXM_Load/0MAIN.txt not available!
250306Thu180926-66021 ==>[,,0]File C:/Unifast/data/TclToPython/ObjektDB/LXM_Load/objdefs.h not available!
250306Thu180926-66023 ==>[,,0]File <C:/Unifast/data/TclToPython/ObjektDB/LXM_Load/limitcheck.txt> not available !
250306Thu180926-66026 ==>[,,0]File C:/Unifast/data/TclToPython/ObjektDB/LXM_Load/0MAIN.txt not available!
250306Thu181029-29841 ==>[,,0]File C:/Unifast/data/TclToPython/ObjektDB/LXM_Load/objdefs.h not available!
250306Thu181029-29843 ==>[,,0]File <C:/Unifast/data/TclToPython/ObjektDB/LXM_Load/limitcheck.txt> not available !
250306Thu181029-29845 ==>[,,0]File C:/Unifast/data/TclToPython/ObjektDB/LXM_Load/0MAIN.txt not available!
250306Thu181158-18406 ==>[TC_0Init/config_TestObject.tcl,TC_0Init_ATSInit,3]ErrorInfo: can't read "DevType(3,Type)": no such element in array
    while executing
"switch -exact $DevType($ActDev,Type) {
	"Beidou" -
	"Fortis" -
	"MVK" -
	"Opal" -
	"Nera" {
	    set rc [catch { set retVal $theNERAParaNameRecord($Pa..."
    (procedure "Param_Index" line 11)
    invoked from within
"Param_Index $objString 0 $TTId"
    ("^[0-9A-Z_]+$" arm line 9)
    invoked from within
"switch -regexp $objString {
	^[0-9]+$ -
	^0x[0-9A-Fa-f]+$ { ;#Decimal or Hexadecimal Modbus address like 0x20DD
	    set mdbAdr     [format "%d" $objS..."
    (procedure "GetParaAttributes" line 5)
    invoked from within
"GetParaAttributes $objString $TTId"
    (procedure "ModTlRead" line 11)
    invoked from within
"ModTlRead "HMIS" 1"
    (procedure "doWaitForOff" line 9)
    invoked from within
"doWaitForOff 20"
    (procedure "DeviceOff" line 5)
    invoked from within
"DeviceOff $ActDev"
    (procedure "ATS_ClearBeforeNight" line 9)
    invoked from within
"ATS_ClearBeforeNight"
    (procedure "TC_0Init_ATSInit" line 4)
    invoked from within
"TC_0Init_ATSInit"
    ("eval" body line 1)
    invoked from within
"eval TC_0Init_ATSInit"
    invoked from within
"catch "eval $procedure" errMsg"  ErrorCode: NONE
250306Thu181444-84675 ==>[TC_0Init/config_TestObject.tcl,TC_0Init_TestfileStart,3]Tower not supported
250306Thu181444-84680 ==>[TC_0Init/config_TestObject.tcl,TC_0Init_TestfileStart,3]ErrorInfo: invalid command name "fieldbusInterruptConnection"
    while executing
"fieldbusInterruptConnection l 0"
    (procedure "TC_0Init_TestfileStart" line 55)
    invoked from within
"TC_0Init_TestfileStart"
    ("eval" body line 1)
    invoked from within
"eval TC_0Init_TestfileStart"
    invoked from within
"catch "eval $procedure" errMsg"  ErrorCode: NONE
250306Thu181451-91033 ==>[TC_0Init/config_TestObject.tcl,TC_0Init_TestfileStart,2] enum 480T not existing in theNERAenumValueRecord
250306Thu181451-91039 ==>[TC_0Init/config_TestObject.tcl,TC_0Init_TestfileStart,2] enum 480T not existing in theNERAenumValueRecord
250306Thu181454-94047 ==>[TC_0Init/config_TestObject.tcl,TC_0Init_TestfileStart,2]data NCV not existing in ATSUnifiedMapping_Table
250306Thu181454-94053 ==>[TC_0Init/config_TestObject.tcl,TC_0Init_TestfileStart,2] NCV and 0 not existing in theNERAenumListRecord
250306Thu181454-94058 ==>[TC_0Init/config_TestObject.tcl,TC_0Init_TestfileStart,2] enum D150 not existing in theNERAenumValueRecord
250306Thu181454-94061 ==>[TC_0Init/config_TestObject.tcl,TC_0Init_TestfileStart,2]data NCV not existing in ATSUnifiedMapping_Table
250306Thu181454-94074 ==>[TC_0Init/config_TestObject.tcl,TC_0Init_TestfileStart,2] NCV and 0 not existing in theNERAenumListRecord
250306Thu181454-94079 ==>[TC_0Init/config_TestObject.tcl,TC_0Init_TestfileStart,2] enum D150 not existing in theNERAenumValueRecord
250306Thu181644-04832 ==>[,,0]File C:/Unifast/data/TclToPython/ObjektDB/LXM_Load/objdefs.h not available!
250306Thu181644-04833 ==>[,,0]File <C:/Unifast/data/TclToPython/ObjektDB/LXM_Load/limitcheck.txt> not available !
250306Thu181644-04835 ==>[,,0]File C:/Unifast/data/TclToPython/ObjektDB/LXM_Load/0MAIN.txt not available!
250306Thu181724-44579 ==>[,,0]File C:/Unifast/data/TclToPython/ObjektDB/LXM_Load/objdefs.h not available!
250306Thu181724-44581 ==>[,,0]File <C:/Unifast/data/TclToPython/ObjektDB/LXM_Load/limitcheck.txt> not available !
250306Thu181724-44584 ==>[,,0]File C:/Unifast/data/TclToPython/ObjektDB/LXM_Load/0MAIN.txt not available!
250306Thu181734-54838 ==>[TC_0Init/config_TestObject.tcl,TC_0Init_ATSInit,2]ErrorInfo: invalid command name "PLC::PROCESS::loadProgram"
    while executing
"PLC::PROCESS::loadProgram $::Wago_IPAddress "PACY_ATLAS_CANOPEN_DEFAULT.stu""
    (procedure "ATS_ClearBeforeNight" line 16)
    invoked from within
"ATS_ClearBeforeNight"
    (procedure "TC_0Init_ATSInit" line 4)
    invoked from within
"TC_0Init_ATSInit"
    ("eval" body line 1)
    invoked from within
"eval TC_0Init_ATSInit"
    invoked from within
"catch "eval $procedure" errMsg"  ErrorCode: NONE
250306Thu181745-65751 ==>[TC_ATS/FFT041_FaultStopMode.tcl,TC_FFT041_FaultStopMode_TestfileStart,2]ErrorInfo: invalid command name "UINT_TO_INT"
    while executing
"UINT_TO_INT $value"
    ("INT16" arm line 2)
    invoked from within
"switch -exact [Param_Type [Param_Name $LogAdr 1] 1] {
               "INT08" {
                  set value [UINT08_TO_INT08 $value]
               }
 ..."
    (procedure "ModTlReadBlock" line 151)
    invoked from within
"ModTlReadBlock DP0 100 1"
    (procedure "doDisplayErrorMemory" line 7)
    invoked from within
"doDisplayErrorMemory"
    (procedure "doSetDefaults" line 39)
    invoked from within
"doSetDefaults 0 0 0"
    (procedure "TC_FFT041_FaultStopMode_TestfileStart" line 11)
    invoked from within
"TC_FFT041_FaultStopMode_TestfileStart"
    ("eval" body line 1)
    invoked from within
"eval TC_FFT041_FaultStopMode_TestfileStart"
    invoked from within
"catch "eval $procedure" errMsg"  ErrorCode: NONE
250306Thu181745-65775 ==>[TC_ATS/FFT041_FaultStopMode.tcl,TC_FFT041_FaultStopMode_TC01,2]ErrorInfo: can't read "StopModeList": no such variable
    while executing
"foreach StopMode $StopModeList {

	TlPrint "============== Test for stop mode : $StopMode ==============" 

	if { [GetDevFeat "ATS48P"] } {
	    setRe..."
    (procedure "TC_FFT041_FaultStopMode_TC01" line 9)
    invoked from within
"TC_FFT041_FaultStopMode_TC01"
    ("eval" body line 1)
    invoked from within
"eval TC_FFT041_FaultStopMode_TC01"
    invoked from within
"catch "eval $procedure" errMsg"  ErrorCode: NONE
250306Thu181745-65788 ==>[TC_ATS/FFT041_FaultStopMode.tcl,TC_FFT041_FaultStopMode_TC02,2]ErrorInfo: can't read "StopModeList": no such variable
    while executing
"foreach StopMode $StopModeList {

	TlPrint "=============== Test for stop mode : $StopMode, fault behavior SLL is NO =============="

	if { [GetDevFea..."
    (procedure "TC_FFT041_FaultStopMode_TC02" line 9)
    invoked from within
"TC_FFT041_FaultStopMode_TC02"
    ("eval" body line 1)
    invoked from within
"eval TC_FFT041_FaultStopMode_TC02"
    invoked from within
"catch "eval $procedure" errMsg"  ErrorCode: NONE
250306Thu181745-65800 ==>[TC_ATS/FFT041_FaultStopMode.tcl,TC_FFT041_FaultStopMode_TC03,2]ErrorInfo: can't read "StopModeList": no such variable
    while executing
"foreach StopMode $StopModeList {

	TlPrint "=============== Test for stop mode : $StopMode, fault behavior SLL is YES =============="

	if { [GetDevFe..."
    (procedure "TC_FFT041_FaultStopMode_TC03" line 9)
    invoked from within
"TC_FFT041_FaultStopMode_TC03"
    ("eval" body line 1)
    invoked from within
"eval TC_FFT041_FaultStopMode_TC03"
    invoked from within
"catch "eval $procedure" errMsg"  ErrorCode: NONE
250306Thu181745-65813 ==>[TC_ATS/FFT041_FaultStopMode.tcl,TC_FFT041_FaultStopMode_TC04,2]ErrorInfo: can't read "StopModeList": no such variable
    while executing
"foreach StopMode $StopModeList {

	TlPrint "=============== Test for stop mode : $StopMode, fault behavior SLL is DEC =============="

	if { [GetDevFe..."
    (procedure "TC_FFT041_FaultStopMode_TC04" line 9)
    invoked from within
"TC_FFT041_FaultStopMode_TC04"
    ("eval" body line 1)
    invoked from within
"eval TC_FFT041_FaultStopMode_TC04"
    invoked from within
"catch "eval $procedure" errMsg"  ErrorCode: NONE
250306Thu181745-65827 ==>[TC_ATS/FFT041_FaultStopMode.tcl,TC_FFT041_FaultStopMode_TC05,2]ErrorInfo: can't read "StopModeList": no such variable
    while executing
"foreach StopMode $StopModeList {

	TlPrint "=============== Test for stop mode : $StopMode, fault behavior SLL is BRK =============="

	if { [GetDevFe..."
    (procedure "TC_FFT041_FaultStopMode_TC05" line 9)
    invoked from within
"TC_FFT041_FaultStopMode_TC05"
    ("eval" body line 1)
    invoked from within
"eval TC_FFT041_FaultStopMode_TC05"
    invoked from within
"catch "eval $procedure" errMsg"  ErrorCode: NONE
250306Thu181745-65846 ==>[TC_ATS/FFT041_FaultStopMode.tcl,TC_FFT041_FaultStopMode_TC06,2]ErrorInfo: can't read "StopModeList": no such variable
    while executing
"foreach StopMode $StopModeList {

	TlPrint "=============== Test for stop mode : $StopMode, fault behavior SLL is STT =============="

	if { [GetDevFe..."
    (procedure "TC_FFT041_FaultStopMode_TC06" line 9)
    invoked from within
"TC_FFT041_FaultStopMode_TC06"
    ("eval" body line 1)
    invoked from within
"eval TC_FFT041_FaultStopMode_TC06"
    invoked from within
"catch "eval $procedure" errMsg"  ErrorCode: NONE
250306Thu181746-66102 ==>[TC_ATS/FFT041_FaultStopMode.tcl,TC_FFT041_FaultStopMode_TestfileStop,2]TCL-Error message: can't read "theLXMObjHashtable(MAND.ACCESSEXCL)": no such variable
    while executing
"set index $theLXMObjHashtable($objString) " : Objekt: MAND.ACCESSEXCL
250306Thu182107-67599 ==>[,,0]File C:/Unifast/data/TclToPython/ObjektDB/LXM_Load/objdefs.h not available!
250306Thu182107-67601 ==>[,,0]File <C:/Unifast/data/TclToPython/ObjektDB/LXM_Load/limitcheck.txt> not available !
250306Thu182107-67603 ==>[,,0]File C:/Unifast/data/TclToPython/ObjektDB/LXM_Load/0MAIN.txt not available!
250306Thu182136-96993 ==>[TC_0Init/config_TestObject.tcl,TC_0Init_ATSInit,2]TCL-Error message: can't read "theLXMObjHashtable(MAND.ACCESSEXCL)": no such variable
    while executing
"set index $theLXMObjHashtable($objString) " : Objekt: MAND.ACCESSEXCL
250306Thu182238-58704 ==>[TC_0Init/config_TestObject.tcl,TC_0Init_ATSInit,2]ErrorInfo: invalid command name "RemoveSpaceFromList"
    while executing
"RemoveSpaceFromList [ Hexa2Ascii [ mbDirect [format "%4s%2s%2s%6s" $KpdAccess $kpdScrAct "02" $kpdScr2 ]  1 ]]"
    (procedure "currentSelect" line 5)
    invoked from within
"currentSelect"
    (procedure "Keypad_Select" line 3)
    invoked from within
"Keypad_Select "PRDM""
    (procedure "exitRootMode" line 23)
    invoked from within
"exitRootMode"
    (procedure "doSetDefaults" line 63)
    invoked from within
"doSetDefaults 1 0 1"
    (procedure "ATS_ClearBeforeNight" line 30)
    invoked from within
"ATS_ClearBeforeNight"
    (procedure "TC_0Init_ATSInit" line 4)
    invoked from within
"TC_0Init_ATSInit"
    ("eval" body line 1)
    invoked from within
"eval TC_0Init_ATSInit"
    invoked from within
"catch "eval $procedure" errMsg"  ErrorCode: NONE
250306Thu183043-43288 ==>[TC_0Init/config_TestObject.tcl,TC_0Init_ATSInit,2]Dummy Err of Program OPTIM V1.2ie03 B07 b00 (Checksum = 0xECA1), OptionBoard1 V0.0ie00 B00 b00 (Checksum = 0x0000)                </br>Application (M3 SwVersion)                   : V1.2ie03 B07 b00 (Checksum = 0xECA1)</br>Platform                                     : V0.0ie65 B27 b01</br>Motor control (CpuPower SwVersion)           : V1.2ie03 B05 b00 (Checksum = 0xA0AB)</br>Ethernet Embedded : CT=16 V2.4ie37 B04 b00 (Checksum = 0x5B53)</br>Option Board 1                               : CT=CODC V0.0ie00 B00 b00 (Checksum = 0x0000)
250306Thu183219-39310 ==>[TC_ATS/FFT041_FaultStopMode.tcl,TC_FFT041_FaultStopMode_TC01,2]ErrorInfo: invalid command name "HexToBin"
    while executing
"HexToBin $sollWert"
    (procedure "doWaitForObject" line 101)
    invoked from within
"doWaitForObject OL1I 0x0002 1 0x0002"
    (procedure "checkAllRelayStatus" line 11)
    invoked from within
"checkAllRelayStatus 1 1 1"
    (procedure "TC_FFT041_FaultStopMode_TC01" line 52)
    invoked from within
"TC_FFT041_FaultStopMode_TC01"
    ("eval" body line 1)
    invoked from within
"eval TC_FFT041_FaultStopMode_TC01"
    invoked from within
"catch "eval $procedure" errMsg"  ErrorCode: NONE
250306Thu183219-39356 ==>[TC_ATS/FFT041_FaultStopMode.tcl,TC_FFT041_FaultStopMode_TC02,2] Modbus errorcode received 0x04 = Server device failure
250306Thu183219-39435 ==>[TC_ATS/FFT041_FaultStopMode.tcl,TC_FFT041_FaultStopMode_TC02,2] Modbus errorcode received 0x04 = Server device failure
250306Thu183220-40491 ==>[TC_ATS/FFT041_FaultStopMode.tcl,TC_FFT041_FaultStopMode_TC02,2] doWaitForObject R2 exp=0x00000198 (408=BPS), act=0x00000000 (0=NO),diff=0x00000198, waittime (1018ms)
250306Thu183221-41756 ==>[TC_ATS/FFT041_FaultStopMode.tcl,TC_FFT041_FaultStopMode_TC02,2] Modbus errorcode received 0x04 = Server device failure
250306Thu183222-42826 ==>[TC_ATS/FFT041_FaultStopMode.tcl,TC_FFT041_FaultStopMode_TC02,2] doWaitForObject R3 exp=0x00000001 (1=FLT), act=0x00000000 (0=NO),diff=0x00000001, waittime (1045ms)
250306Thu183224-44042 ==>[TC_ATS/FFT041_FaultStopMode.tcl,TC_FFT041_FaultStopMode_TC02,2] Modbus errorcode received 0x04 = Server device failure
250306Thu183225-45097 ==>[TC_ATS/FFT041_FaultStopMode.tcl,TC_FFT041_FaultStopMode_TC02,2] doWaitForObject SLL exp=0x00000000 (0=NO), act=0x00000001 (1=YES),diff=0x00000001, waittime (1020ms)
250306Thu183226-46345 ==>[TC_ATS/FFT041_FaultStopMode.tcl,TC_FFT041_FaultStopMode_TC02,2] Modbus errorcode received 0x04 = Server device failure
250306Thu183227-47384 ==>[TC_ATS/FFT041_FaultStopMode.tcl,TC_FFT041_FaultStopMode_TC02,2] doWaitForObject TTO exp=0x0000001E (30), act=0x00000032 (50),diff=0x0000002C, waittime (1010ms)
250306Thu183227-47416 ==>[TC_ATS/FFT041_FaultStopMode.tcl,TC_FFT041_FaultStopMode_TC02,2] Modbus errorcode received 0x04 = Server device failure
250306Thu183228-48440 ==>[TC_ATS/FFT041_FaultStopMode.tcl,TC_FFT041_FaultStopMode_TC02,2] doWaitForObject STT exp=0x00000001 (1=D), act=0x00000000 (0=F),diff=0x00000001, waittime (1003ms)
250306Thu183250-70146 ==>[TC_ATS/FFT041_FaultStopMode.tcl,TC_FFT041_FaultStopMode_TC02,2]state loaddevice will not be 4 but stays at 6, STOPFAULT=0x0000->No error code
250306Thu183254-74746 ==>[TC_ATS/FFT041_FaultStopMode.tcl,TC_FFT041_FaultStopMode_TC02,2]TCL-Fehlermeldung: ERRDLL:got no response   65535
250306Thu183256-76056 ==>[TC_ATS/FFT041_FaultStopMode.tcl,TC_FFT041_FaultStopMode_TC02,2] TCL-Error (mbWriteObj) : Error Fct GetModbusResponse: 9=Modbus Exception, Code 0x04=SLAVE DEVICE FAILURE : Object: DEVICE.SUPCOMM
250306Thu183256-76699 ==>[TC_ATS/FFT041_FaultStopMode.tcl,TC_FFT041_FaultStopMode_TC02,2] Modbus errorcode received 0x04 = Server device failure
250306Thu183256-76780 ==>[TC_ATS/FFT041_FaultStopMode.tcl,TC_FFT041_FaultStopMode_TC02,2] Modbus errorcode received 0x04 = Server device failure
250306Thu183256-76859 ==>[TC_ATS/FFT041_FaultStopMode.tcl,TC_FFT041_FaultStopMode_TC02,2] Modbus errorcode received 0x04 = Server device failure
250306Thu183257-77916 ==>[TC_ATS/FFT041_FaultStopMode.tcl,TC_FFT041_FaultStopMode_TC02,2] doWaitForObject CD1 exp=0x0000000A (10=MDB), act=0x00000001 (1=TER),diff=0x0000000B, waittime (1021ms)
250306Thu183300-80202 ==>[TC_ATS/FFT041_FaultStopMode.tcl,TC_FFT041_FaultStopMode_TC02,2] doWaitForObject CCC exp=0x00000008 (8), act=0x00000001 (1),diff=0x00000009, waittime (1047ms)
250306Thu183302-82425 ==>[TC_ATS/FFT041_FaultStopMode.tcl,TC_FFT041_FaultStopMode_TC02,2]ErrorInfo: invalid command name "HexToBin"
    while executing
"HexToBin $sollWert"
    (procedure "doWaitForObject" line 101)
    invoked from within
"doWaitForObject OL1I 0x0002 1 0x0002"
    (procedure "checkAllRelayStatus" line 11)
    invoked from within
"checkAllRelayStatus 1 1 1"
    (procedure "TC_FFT041_FaultStopMode_TC02" line 57)
    invoked from within
"TC_FFT041_FaultStopMode_TC02"
    ("eval" body line 1)
    invoked from within
"eval TC_FFT041_FaultStopMode_TC02"
    invoked from within
"catch "eval $procedure" errMsg"  ErrorCode: NONE
250306Thu183302-82457 ==>[TC_ATS/FFT041_FaultStopMode.tcl,TC_FFT041_FaultStopMode_TC03,2] Modbus errorcode received 0x04 = Server device failure
250306Thu183302-82521 ==>[TC_ATS/FFT041_FaultStopMode.tcl,TC_FFT041_FaultStopMode_TC03,2] Modbus errorcode received 0x04 = Server device failure
250306Thu183303-83575 ==>[TC_ATS/FFT041_FaultStopMode.tcl,TC_FFT041_FaultStopMode_TC03,2] doWaitForObject R2 exp=0x00000198 (408=BPS), act=0x00000000 (0=NO),diff=0x00000198, waittime (1026ms)
250306Thu183304-84695 ==>[TC_ATS/FFT041_FaultStopMode.tcl,TC_FFT041_FaultStopMode_TC03,2] Modbus errorcode received 0x04 = Server device failure
250306Thu183305-85768 ==>[TC_ATS/FFT041_FaultStopMode.tcl,TC_FFT041_FaultStopMode_TC03,2] doWaitForObject R3 exp=0x00000001 (1=FLT), act=0x00000000 (0=NO),diff=0x00000001, waittime (1031ms)
250306Thu183307-87062 ==>[TC_ATS/FFT041_FaultStopMode.tcl,TC_FFT041_FaultStopMode_TC03,2] Modbus errorcode received 0x04 = Server device failure
250306Thu183307-87126 ==>[TC_ATS/FFT041_FaultStopMode.tcl,TC_FFT041_FaultStopMode_TC03,2] Modbus errorcode received 0x04 = Server device failure
250306Thu183308-88182 ==>[TC_ATS/FFT041_FaultStopMode.tcl,TC_FFT041_FaultStopMode_TC03,2] doWaitForObject TTO exp=0x0000001E (30), act=0x00000032 (50),diff=0x0000002C, waittime (1020ms)
250306Thu183309-89429 ==>[TC_ATS/FFT041_FaultStopMode.tcl,TC_FFT041_FaultStopMode_TC03,2] Modbus errorcode received 0x04 = Server device failure
250306Thu183310-90485 ==>[TC_ATS/FFT041_FaultStopMode.tcl,TC_FFT041_FaultStopMode_TC03,2] doWaitForObject STT exp=0x00000001 (1=D), act=0x00000000 (0=F),diff=0x00000001, waittime (1030ms)
250306Thu183429-69177 ==>[TC_ATS/FFT041_FaultStopMode.tcl,TC_FFT041_FaultStopMode_TC01,2]state loaddevice will not be 4 but stays at 6, STOPFAULT=0x0000->No error code
250306Thu183433-73830 ==>[TC_ATS/FFT041_FaultStopMode.tcl,TC_FFT041_FaultStopMode_TC01,2]TCL-Fehlermeldung: ERRDLL:got no response   65535
250306Thu183435-75107 ==>[TC_ATS/FFT041_FaultStopMode.tcl,TC_FFT041_FaultStopMode_TC01,2] TCL-Error (mbWriteObj) : Error Fct GetModbusResponse: 9=Modbus Exception, Code 0x04=SLAVE DEVICE FAILURE : Object: DEVICE.SUPCOMM
250306Thu183440-80375 ==>[TC_ATS/FFT041_FaultStopMode.tcl,TC_FFT041_FaultStopMode_TC01,2] doWaitForObject OL1I exp=0x00000002 (2)(0000000000000010), exp&maske= 0000000000000010  (0x00000002)  ,   act=0x00000201 (513)(0000001000000001), act&maske =  0000000000000000 (0x00000000),  diff=0x00000002, waittime (1023ms)
250306Thu183441-81583 ==>[TC_ATS/FFT041_FaultStopMode.tcl,TC_FFT041_FaultStopMode_TC01,2] Output/relay R2 of device 2 is Low
250306Thu183443-83894 ==>[TC_ATS/FFT041_FaultStopMode.tcl,TC_FFT041_FaultStopMode_TC01,2] doWaitForObject OL1I exp=0x00000004 (4)(0000000000000100), exp&maske= 0000000000000100  (0x00000004)  ,   act=0x00000201 (513)(0000001000000001), act&maske =  0000000000000000 (0x00000000),  diff=0x00000004, waittime (1025ms)
250306Thu183445-85145 ==>[TC_ATS/FFT041_FaultStopMode.tcl,TC_FFT041_FaultStopMode_TC01,2] Output/relay R3 of device 2 is Low
250306Thu184635-95754 ==>[TC_ATS/FFT041_FaultStopMode.tcl,TC_FFT041_FaultStopMode_TC01,2] doWaitForObject OL1I exp=0x00000002 (2)(0000000000000010), exp&maske= 0000000000000010  (0x00000002)  ,   act=0x00000201 (513)(0000001000000001), act&maske =  0000000000000000 (0x00000000),  diff=0x00000002, waittime (1022ms)
250306Thu184637-97041 ==>[TC_ATS/FFT041_FaultStopMode.tcl,TC_FFT041_FaultStopMode_TC01,2] Output/relay R2 of device 2 is Low
250306Thu184639-99272 ==>[TC_ATS/FFT041_FaultStopMode.tcl,TC_FFT041_FaultStopMode_TC01,2] doWaitForObject OL1I exp=0x00000004 (4)(0000000000000100), exp&maske= 0000000000000100  (0x00000004)  ,   act=0x00000201 (513)(0000001000000001), act&maske =  0000000000000000 (0x00000000),  diff=0x00000004, waittime (1003ms)
250306Thu184640-00543 ==>[TC_ATS/FFT041_FaultStopMode.tcl,TC_FFT041_FaultStopMode_TC01,2] Output/relay R3 of device 2 is Low
