250306Thu181059-59898   >Top-Script: 0top_Single.tcl
250306Thu181059-59908   >
250306Thu181059-59909   >-----------------------------------------------
250306Thu181059-59909   >Test directory : TC_ATS
250306Thu181059-59910   >-----------------------------------------------
250306Thu181059-59911   >
250306Thu181059-59911   > 0      - All test files
250306Thu181059-59912   >
250306Thu181059-59912   > 1      - FFT010_CommandSwitching.tcl
250306Thu181059-59912   > 2      - FFT013_14_ATLAS_2_3WiresControl.tcl
250306Thu181059-59913   > 3      - FFT034_ConfigurationManagement.tcl
250306Thu181059-59913   > 4      - FFT041_FaultStopMode.tcl
250306Thu181059-59914   > 5      - FFT042_ExternalFault.tcl
250306Thu181059-59914   > 6      - FFT043_SafeTorqueOff.tcl
250306Thu181059-59915   > 7      - FFT044_LineContactorControl.tcl
250306Thu181059-59916   > 8      - FFT045_AutomaticRestart.tcl
250306Thu181059-59916   > 9      - FFT048_FaultReset.tcl
250306Thu181059-59916   >10      - FFT049_ForcedLocal.tcl
250306Thu181059-59917   >11      - FFT051_LastFaultRecord.tcl
250306Thu181059-59917   >12      - FFT053_InternalFault.tcl
250306Thu181059-59917   >13      - FFT055_JOG.tcl
250306Thu181059-59917   >14      - FFT066_DigitalInputConfiguration.tcl
250306Thu181059-59918   >15      - FFT067_AIConfiguration.tcl
250306Thu181059-59918   >16      - FFT068_DigitalOutputConfiguration.tcl
250306Thu181059-59918   >17      - FFT069_AOConfiguration.tcl
250306Thu181059-59919   >18      - FFT070_Motor_Output_Phase_Loss.tcl
250306Thu181059-59919   >19      - FFT071_Mains_Input_Phase_Loss.tcl
250306Thu181059-59919   >20      - FFT075_Current_Limitation.tcl
250306Thu181059-59922   >21      - FFT076_SoftStarter_Thermal_Protection.tcl
250306Thu181059-59922   >22      - FFT078_Motor_Overload_Protection.tcl
250306Thu181059-59922   >23      - FFT096_CommandParameter.tcl
250306Thu181059-59923   >24      - FFT098_FaultInhibition.tcl
250306Thu181059-59923   >25      - FFT105_StopMode.tcl
250306Thu181059-59923   >26      - FFT106_InvalidConfiguration.tcl
250306Thu181059-59924   >27      - FFT107_FaultManagement.tcl
250306Thu181059-59924   >28      - FFT108_DeviceTopology.tcl
250306Thu181059-59924   >29      - FFT122_ProductMemoryManagement.tcl
250306Thu181059-59925   >30      - FFT125_DeviceIdentification.tcl
250306Thu181059-59925   >31      - FFT136_CommandChannel.tcl
250306Thu181059-59925   >32      - FFT146_StatusAlarmManagement.tcl
250306Thu181059-59926   >33      - FFT149_AnalogOutputAssignement.tcl
250306Thu181059-59926   >34      - FFT159_ModbusScanner.tcl
250306Thu181059-59926   >35      - FFT168_MotorUnderLoadFault.tcl
250306Thu181059-59927   >36      - FFT174_ApplicationOverLoadDetection.tcl
250306Thu181059-59927   >37      - FFT183_ConfigurationTransfer.tcl
250306Thu181059-59927   >38      - FFT217_ModbusRTU.tcl
250306Thu181059-59928   >39      - FFT303_RTC_Management.tcl
250306Thu181059-59928   >40      - FFT336_ProductRestart.tcl
250306Thu181059-59929   >41      - FFT341_ThermalSensorProtection.tcl
250306Thu181059-59929   >42      - FFT534_CyclicStartProtection.tcl
250306Thu181059-59929   >43      - FFT803_Excessive_Start_Time.tcl
250306Thu181059-59930   >44      - FFT806_ATLAS_Preheating_Function.tcl
250306Thu181059-59930   >45      - FFT812_DynamicBrakingStop.tcl
250306Thu181059-59930   >46      - FFT816_ReverseByContactor.tcl
250306Thu181059-59931   >47      - FFT817_TimeBeforeRestart.tcl
250306Thu181059-59931   >48      - FFT819_2ndMotorParameterSet.tcl
250306Thu181059-59931   >49      - FFT040_DeviceElapsedTime.tcl
250306Thu181059-59932   >
250306Thu181059-59932   > X          - Exit
250306Thu181059-59932   > +          - Add close to the last number for permanent run test (e.g. "1+")
250306Thu181059-59933   > 'repeat'x  - Attach run with x repeats (e.g. "1 3x" for 3 repeats)
250306Thu181059-59933   > t          - Timer
250306Thu181059-59933   > l          - Load libraries
250306Thu181059-59934   > h          - Hardware commands
250306Thu181059-59934   > s          - Software commands
250306Thu181059-59934   > f          - Set firmware features
250306Thu181059-59935   > file       - Execute test case IDs listed in a file
250306Thu181059-59935   > all        - Show all TCL files in the directory
250306Thu181059-59935   > IniDir     - Show initial TCL files in the directory
250306Thu181059-59939   > 'xx' quit  - Raise/Lower flag to kill Unifast at the end of next test (current status: 0)
250306Thu181059-59939   > clear      - Delete TXT log files and default test runs in data base
250306Thu181059-59939   > cmd        - Enter TCL commands
250306Thu181059-59940   > new        - Initialize new Data base test log
250306Thu181059-59940   > del        - Delete current database test log
250306Thu181059-59940   > delOld     - Delete old data base test log
250306Thu181059-59941   > sort       - Sort directory alphabetically
250306Thu181059-59941   > open       - Open serial port
250306Thu181059-59941   > close      - Close serial port
250306Thu181059-59942   > on         - Switch current device on
250306Thu181059-59942   > off        - Switch current device off
250306Thu181059-59942   > ActDev     - Set active device
250306Thu181059-59943   > ShowBit    - Show all bits set in a given parameter
250306Thu181059-59943   >
250306Thu181059-59943   > Test directories or files can be combined 
250306Thu181059-59944   > with current run (e.g. 3 8 6+)
250306Thu181059-59944   > or with repeats (e.g. 3 8 6 4x)
250306Thu181059-59944   >
250306Thu181138-98627 ??>Menu point ? x
250306Thu181138-98628   >
